mode: atomic
github.com/weathersource/go-connpool/connpool.go:39.35,41.19 1 3
github.com/weathersource/go-connpool/connpool.go:44.2,51.10 2 3
github.com/weathersource/go-connpool/connpool.go:41.19,43.3 1 1
github.com/weathersource/go-connpool/connpool.go:55.58,70.18 4 14
github.com/weathersource/go-connpool/connpool.go:75.2,75.30 1 13
github.com/weathersource/go-connpool/connpool.go:105.2,105.29 1 13
github.com/weathersource/go-connpool/connpool.go:119.2,119.18 1 12
github.com/weathersource/go-connpool/connpool.go:70.18,72.3 1 1
github.com/weathersource/go-connpool/connpool.go:75.30,78.35 1 8
github.com/weathersource/go-connpool/connpool.go:78.35,81.26 2 12
github.com/weathersource/go-connpool/connpool.go:81.26,88.20 5 9
github.com/weathersource/go-connpool/connpool.go:92.5,92.64 1 4
github.com/weathersource/go-connpool/connpool.go:88.20,90.11 2 5
github.com/weathersource/go-connpool/connpool.go:93.10,95.10 2 3
github.com/weathersource/go-connpool/connpool.go:105.29,113.17 3 8
github.com/weathersource/go-connpool/connpool.go:116.3,116.18 1 7
github.com/weathersource/go-connpool/connpool.go:113.17,115.4 1 1
github.com/weathersource/go-connpool/connpool.go:124.24,133.23 3 4
github.com/weathersource/go-connpool/connpool.go:140.2,143.18 2 4
github.com/weathersource/go-connpool/connpool.go:133.23,139.3 5 3
github.com/weathersource/go-connpool/connpool.go:143.18,146.27 2 3
github.com/weathersource/go-connpool/connpool.go:153.3,153.26 1 3
github.com/weathersource/go-connpool/connpool.go:146.27,147.30 1 4
github.com/weathersource/go-connpool/connpool.go:147.30,149.5 1 0
github.com/weathersource/go-connpool/connpool.go:153.26,154.30 1 1
github.com/weathersource/go-connpool/connpool.go:154.30,156.5 1 0
github.com/weathersource/go-connpool/connpool.go:162.32,164.2 1 18
github.com/weathersource/go-connpool/connpool.go:180.30,182.23 2 4
github.com/weathersource/go-connpool/connpool.go:193.2,193.12 1 4
github.com/weathersource/go-connpool/connpool.go:182.23,184.49 2 4
github.com/weathersource/go-connpool/connpool.go:184.49,185.27 1 1
github.com/weathersource/go-connpool/connpool.go:188.4,190.19 3 1
github.com/weathersource/go-connpool/connpool.go:185.27,187.5 1 0
github.com/weathersource/go-connpool/connpool.go:198.34,203.2 4 5
github.com/weathersource/go-connpool/connpool.go:206.41,211.2 4 12
github.com/weathersource/go-connpool/connpool.go:217.35,220.24 3 3
github.com/weathersource/go-connpool/connpool.go:220.24,221.26 1 1
github.com/weathersource/go-connpool/connpool.go:221.26,223.4 1 0
github.com/weathersource/go-connpool/connpool.go:224.8,225.7 1 2
github.com/weathersource/go-connpool/connpool.go:225.7,228.22 3 2
github.com/weathersource/go-connpool/connpool.go:228.22,231.10 3 2
